Arguments: 
  /usr/local/bin/node /usr/local/bin/yarnpkg add expo-filesystem

PATH: 
  /Users/dzibus/www/work/circle21/circle21.lens/node_modules/.bin:/Users/dzibus/www/work/circle21/circle21.lens/node_modules/.bin:/Users/dzibus/www/work/circle21/node_modules/.bin:/Users/dzibus/www/work/node_modules/.bin:/Users/dzibus/www/node_modules/.bin:/Users/dzibus/node_modules/.bin:/Users/node_modules/.bin:/node_modules/.bin:/usr/local/lib/node_modules/npm/node_modules/@npmcli/run-script/lib/node-gyp-bin:/usr/local/opt/php@7.3/sbin:/usr/local/opt/php@7.3/bin:/usr/local/bin:/usr/bin:/bin:/usr/sbin:/sbin:/opt/X11/bin:/Library/Apple/usr/bin:/usr/local/opt/php@7.3/sbin:/usr/local/opt/php@7.3/bin

Yarn version: 
  1.22.10

Node version: 
  16.14.2

Platform: 
  darwin x64

Trace: 
  Error: https://registry.yarnpkg.com/expo-filesystem: Not found
      at Request.params.callback [as _callback] (/usr/local/lib/node_modules/yarn/lib/cli.js:66988:18)
      at Request.self.callback (/usr/local/lib/node_modules/yarn/lib/cli.js:140662:22)
      at Request.emit (node:events:526:28)
      at Request.<anonymous> (/usr/local/lib/node_modules/yarn/lib/cli.js:141634:10)
      at Request.emit (node:events:526:28)
      at IncomingMessage.<anonymous> (/usr/local/lib/node_modules/yarn/lib/cli.js:141556:12)
      at Object.onceWrapper (node:events:645:28)
      at IncomingMessage.emit (node:events:538:35)
      at endReadableNT (node:internal/streams/readable:1345:12)
      at processTicksAndRejections (node:internal/process/task_queues:83:21)

npm manifest: 
  {
    "scripts": {
      "start": "expo start",
      "android": "expo start --android",
      "ios": "expo start --ios",
      "web": "expo start --web"
    },
    "dependencies": {
      "@config-plugins/ffmpeg-kit-react-native": "^5.0.0",
      "expo": "^48.0.7",
      "expo-build-properties": "~0.6.0",
      "expo-camera": "~13.2.1",
      "expo-constants": "~14.2.1",
      "expo-dev-client": "~2.2.1",
      "expo-linking": "~4.0.1",
      "expo-localization": "~14.1.1",
      "expo-media-library": "~15.2.3",
      "expo-router": "^1.2.0",
      "expo-screen-orientation": "~5.1.1",
      "expo-splash-screen": "~0.18.1",
      "expo-status-bar": "~1.4.2",
      "expo-system-ui": "~2.2.1",
      "ffmpeg-kit-react-native": "^5.1.0",
      "react": "18.2.0",
      "react-dom": "18.2.0",
      "react-native": "0.71.8",
      "react-native-gesture-handler": "~2.9.0",
      "react-native-reanimated": "~2.14.4",
      "react-native-safe-area-context": "4.5.0",
      "react-native-screens": "~3.20.0",
      "react-native-vision-camera": "^2.15.4",
      "react-native-web": "~0.18.7",
      "stable-hash": "^0.0.3"
    },
    "devDependencies": {
      "@babel/core": "^7.19.3",
      "@babel/plugin-proposal-export-namespace-from": "^7.18.9",
      "@react-native-community/eslint-config": "^3.1.0",
      "@types/react": "~18.0.27",
      "@typescript-eslint/eslint-plugin": "^5.32.0",
      "@typescript-eslint/parser": "^5.32.0",
      "eslint": "^8.21.0",
      "eslint-config-prettier": "^8.5.0",
      "prettier": "^2.7.1",
      "typescript": "^4.9.4"
    },
    "resolutions": {
      "metro": "^0.73.7",
      "metro-resolver": "^0.73.7"
    },
    "overrides": {
      "metro": "^0.73.7",
      "metro-resolver": "^0.73.7"
    },
    "name": "circle21.lens",
    "version": "1.0.0",
    "private": true
  }

yarn manifest: 
  No manifest

Lockfile: 
  
